🔹 Código fuente escrito en C:\Users\dmriv\AppData\Local\Temp\tmpl03qjc7o.out:
Fun main() {
    Ent a = 5;
    Ent b = 5;
    If (a == b) {
        Ent result = 1;
    }
}
🔹 Archivos temporales creados:
OUT: C:\Users\dmriv\AppData\Local\Temp\tmp1tb5n52s.out
ASM: C:\Users\dmriv\AppData\Local\Temp\tmp1tb5n52s.asm
🔹 Contenido de C:\Users\dmriv\AppData\Local\Temp\tmp1tb5n52s.tac:
begin_func main
t1 = 5
a = t1
t2 = 5
b = t2
t3 = a == b
ifz t3 goto L1
t4 = 1
result = t4
goto L2
L1:
L2:
end_func


🔹 Contenido de C:\Users\dmriv\AppData\Local\Temp\tmp1tb5n52s.tac:
begin_func main
t1 = 5
a = t1
t2 = 5
b = t2
t3 = a == b
ifz t3 goto L1
t4 = 1
result = t4
goto L2
L1:
L2:
end_func


🔹 Contenido de C:\Users\dmriv\AppData\Local\Temp\tmp1tb5n52s.asm:
0
5
1
0
0
0
0
0
0
0
LOAD R0, [0x1]
STORE R0, [0x3]
LOAD R0, [0x3]
STORE R0, [0x4]
LOAD R0, [0x1]
STORE R0, [0x5]
LOAD R0, [0x5]
STORE R0, [0x6]
# Expresión no reconocida: a == b
LOAD R0, [0x7]
LOAD R1, [0x0]
CMP R0, R1
BEQ R0, R1, [0x13]
LOAD R0, [0x2]
STORE R0, [0x8]
LOAD R0, [0x8]
STORE R0, [0x9]
JUMP [0x13]

