Dirección de inicio de código: 8
Dirección de inicio de código: 8
Dirección de inicio de código: 10
Dirección de inicio de código: 12
Dirección de inicio de código: 12
Dirección de inicio de código: 14
Dirección de inicio de código: 16
Dirección de inicio de código: 17
Dirección de inicio de código: 19
Dirección de inicio de código: 23
Dirección de inicio de código: 25
Dirección de inicio de código: 26
Dirección de inicio de código: 26
Tabla de etiquetas: {'L1': 12, 'L2': 26}
Procesando línea: begin_func main
Procesando línea: t1 = 1
Procesando línea: a = t1
Procesando línea: L1:
Procesando línea: t2 = 8
Procesando línea: t3 = a >= t2
Procesando línea: ifz t3 goto L2
Procesando línea: t4 = 1
Procesando línea: t5 = a + t4
Procesando línea: a = t5
Procesando línea: goto L1
Procesando línea: L2:
Procesando línea: end_func
Tabla de constantes: {'0': 0, '1': 1, '8': 2}
Tabla de variables: {'t1': 3, 'a': 4, 't2': 5, 't3': 6, 't4': 7, 't5': 8}
Sección de datos: ['0', '1', '8', '0', '0', '0', '0', '0', '0']
Sección de código: ['LOAD R0, [0x1]', 'STORE R0, [0x3]', 'LOAD R0, [0x3]', 'STORE R0, [0x4]', 'LOAD R0, [0x2]', 'STORE R0, [0x5]', 'LOAD R0, [0x4]', 'LOAD R1, [0x5]', 'JLE R1, R0, [0x1A]', 'LOAD R0, [0x1]', 'STORE R0, [0x7]', 'LOAD R0, [0x4]', 'LOAD R1, [0x7]', 'ADD R0, R1, R2', 'STORE R2, [0x8]', 'LOAD R0, [0x8]', 'STORE R0, [0x4]', 'JUMP [0xC]']
Dirección de inicio de código: 8
Dirección de inicio de código: 8
Dirección de inicio de código: 10
Dirección de inicio de código: 12
Dirección de inicio de código: 12
Dirección de inicio de código: 14
Dirección de inicio de código: 16
Dirección de inicio de código: 17
Dirección de inicio de código: 19
Dirección de inicio de código: 23
Dirección de inicio de código: 25
Dirección de inicio de código: 26
Dirección de inicio de código: 26
Tabla de etiquetas: {'L1': 12, 'L2': 26}
Procesando línea: begin_func main
Procesando línea: t1 = 1
Procesando línea: a = t1
Procesando línea: L1:
Procesando línea: t2 = 8
Procesando línea: t3 = a >= t2
Procesando línea: ifz t3 goto L2
Procesando línea: t4 = 1
Procesando línea: t5 = a + t4
Procesando línea: a = t5
Procesando línea: goto L1
Procesando línea: L2:
Procesando línea: end_func
Tabla de constantes: {'0': 0, '1': 1, '8': 2}
Tabla de variables: {'t1': 3, 'a': 4, 't2': 5, 't3': 6, 't4': 7, 't5': 8}
Sección de datos: ['0', '1', '8', '0', '0', '0', '0', '0', '0']
Sección de código: ['LOAD R0, [0x1]', 'STORE R0, [0x3]', 'LOAD R0, [0x3]', 'STORE R0, [0x4]', 'LOAD R0, [0x2]', 'STORE R0, [0x5]', 'LOAD R0, [0x4]', 'LOAD R1, [0x5]', 'JLE R0, R1, [0x1A]', 'LOAD R0, [0x1]', 'STORE R0, [0x7]', 'LOAD R0, [0x4]', 'LOAD R1, [0x7]', 'ADD R0, R1, R2', 'STORE R2, [0x8]', 'LOAD R0, [0x8]', 'STORE R0, [0x4]', 'JUMP [0xC]']
Dirección de inicio de código: 8
Dirección de inicio de código: 8
Dirección de inicio de código: 10
Dirección de inicio de código: 12
Dirección de inicio de código: 12
Dirección de inicio de código: 14
Dirección de inicio de código: 16
Dirección de inicio de código: 17
Dirección de inicio de código: 19
Dirección de inicio de código: 23
Dirección de inicio de código: 25
Dirección de inicio de código: 26
Dirección de inicio de código: 26
Tabla de etiquetas: {'L1': 12, 'L2': 26}
Procesando línea: begin_func main
Procesando línea: t1 = 1
Procesando línea: a = t1
Procesando línea: L1:
Procesando línea: t2 = 8
Procesando línea: t3 = a >= t2
Procesando línea: ifz t3 goto L2
Procesando línea: t4 = 1
Procesando línea: t5 = a + t4
Procesando línea: a = t5
Procesando línea: goto L1
Procesando línea: L2:
Procesando línea: end_func
Tabla de constantes: {'0': 0, '1': 1, '8': 2}
Tabla de variables: {'t1': 3, 'a': 4, 't2': 5, 't3': 6, 't4': 7, 't5': 8}
Sección de datos: ['0', '1', '8', '0', '0', '0', '0', '0', '0']
Sección de código: ['LOAD R0, [0x1]', 'STORE R0, [0x3]', 'LOAD R0, [0x3]', 'STORE R0, [0x4]', 'LOAD R0, [0x2]', 'STORE R0, [0x5]', 'LOAD R0, [0x4]', 'LOAD R1, [0x5]', 'JLE R1, R0, [0x1A]', 'LOAD R0, [0x1]', 'STORE R0, [0x7]', 'LOAD R0, [0x4]', 'LOAD R1, [0x7]', 'ADD R0, R1, R2', 'STORE R2, [0x8]', 'LOAD R0, [0x8]', 'STORE R0, [0x4]', 'JUMP [0xC]']
Dirección de inicio de código: 8
Dirección de inicio de código: 8
Dirección de inicio de código: 10
Dirección de inicio de código: 12
Dirección de inicio de código: 12
Dirección de inicio de código: 14
Dirección de inicio de código: 16
Dirección de inicio de código: 17
Dirección de inicio de código: 19
Dirección de inicio de código: 23
Dirección de inicio de código: 25
Dirección de inicio de código: 26
Dirección de inicio de código: 26
Tabla de etiquetas: {'L1': 12, 'L2': 26}
Procesando línea: begin_func main
Procesando línea: t1 = 1
Procesando línea: a = t1
Procesando línea: L1:
Procesando línea: t2 = 8
Procesando línea: t3 = t2 < a
Procesando línea: ifz t3 goto L2
Procesando línea: t4 = 1
Procesando línea: t5 = a + t4
Procesando línea: a = t5
Procesando línea: goto L1
Procesando línea: L2:
Procesando línea: end_func
Tabla de constantes: {'0': 0, '1': 1, '8': 2}
Tabla de variables: {'t1': 3, 'a': 4, 't2': 5, 't3': 6, 't4': 7, 't5': 8}
Sección de datos: ['0', '1', '8', '0', '0', '0', '0', '0', '0']
Sección de código: ['LOAD R0, [0x1]', 'STORE R0, [0x3]', 'LOAD R0, [0x3]', 'STORE R0, [0x4]', 'LOAD R0, [0x2]', 'STORE R0, [0x5]', 'LOAD R0, [0x5]', 'LOAD R1, [0x4]', 'BLT R1, R0, [0x1A]', 'LOAD R0, [0x1]', 'STORE R0, [0x7]', 'LOAD R0, [0x4]', 'LOAD R1, [0x7]', 'ADD R0, R1, R2', 'STORE R2, [0x8]', 'LOAD R0, [0x8]', 'STORE R0, [0x4]', 'JUMP [0xC]']
Dirección de inicio de código: 8
Dirección de inicio de código: 8
Dirección de inicio de código: 10
Dirección de inicio de código: 12
Dirección de inicio de código: 12
Dirección de inicio de código: 14
Dirección de inicio de código: 16
Dirección de inicio de código: 17
Dirección de inicio de código: 19
Dirección de inicio de código: 23
Dirección de inicio de código: 25
Dirección de inicio de código: 26
Dirección de inicio de código: 26
Tabla de etiquetas: {'L1': 12, 'L2': 26}
Procesando línea: begin_func main
Procesando línea: t1 = 1
Procesando línea: a = t1
Procesando línea: L1:
Procesando línea: t2 = 8
Procesando línea: t3 = t2 < a
Procesando línea: ifz t3 goto L2
Procesando línea: t4 = 1
Procesando línea: t5 = a + t4
Procesando línea: a = t5
Procesando línea: goto L1
Procesando línea: L2:
Procesando línea: end_func
Tabla de constantes: {'0': 0, '1': 1, '8': 2}
Tabla de variables: {'t1': 3, 'a': 4, 't2': 5, 't3': 6, 't4': 7, 't5': 8}
Sección de datos: ['0', '1', '8', '0', '0', '0', '0', '0', '0']
Sección de código: ['LOAD R0, [0x1]', 'STORE R0, [0x3]', 'LOAD R0, [0x3]', 'STORE R0, [0x4]', 'LOAD R0, [0x2]', 'STORE R0, [0x5]', 'LOAD R0, [0x5]', 'LOAD R1, [0x4]', 'BLT R0, R1, [0x1A]', 'LOAD R0, [0x1]', 'STORE R0, [0x7]', 'LOAD R0, [0x4]', 'LOAD R1, [0x7]', 'ADD R0, R1, R2', 'STORE R2, [0x8]', 'LOAD R0, [0x8]', 'STORE R0, [0x4]', 'JUMP [0xC]']
Dirección de inicio de código: 8
Dirección de inicio de código: 8
Dirección de inicio de código: 10
Dirección de inicio de código: 12
Dirección de inicio de código: 12
Dirección de inicio de código: 14
Dirección de inicio de código: 16
Dirección de inicio de código: 17
Dirección de inicio de código: 19
Dirección de inicio de código: 23
Dirección de inicio de código: 25
Dirección de inicio de código: 26
Dirección de inicio de código: 26
Tabla de etiquetas: {'L1': 12, 'L2': 26}
Procesando línea: begin_func main
Procesando línea: t1 = 1
Procesando línea: a = t1
Procesando línea: L1:
Procesando línea: t2 = 8
Procesando línea: t3 = t2 == a
Procesando línea: ifz t3 goto L2
Procesando línea: t4 = 1
Procesando línea: t5 = a + t4
Procesando línea: a = t5
Procesando línea: goto L1
Procesando línea: L2:
Procesando línea: end_func
Tabla de constantes: {'0': 0, '1': 1, '8': 2}
Tabla de variables: {'t1': 3, 'a': 4, 't2': 5, 't3': 6, 't4': 7, 't5': 8}
Sección de datos: ['0', '1', '8', '0', '0', '0', '0', '0', '0']
Sección de código: ['LOAD R0, [0x1]', 'STORE R0, [0x3]', 'LOAD R0, [0x3]', 'STORE R0, [0x4]', 'LOAD R0, [0x2]', 'STORE R0, [0x5]', 'LOAD R0, [0x5]', 'LOAD R1, [0x4]', 'BEQ R0, R1, [0x1A]', 'LOAD R0, [0x1]', 'STORE R0, [0x7]', 'LOAD R0, [0x4]', 'LOAD R1, [0x7]', 'ADD R0, R1, R2', 'STORE R2, [0x8]', 'LOAD R0, [0x8]', 'STORE R0, [0x4]', 'JUMP [0xC]']
